<?xml version="1.0" encoding="UTF-8"?>
<testsuite name="LibraryTest" tests="1" skipped="0" failures="0" errors="0" timestamp="2019-04-29T11:57:36" hostname="manager1" time="0.163">
  <properties/>
  <testcase name="someLibraryMethod returns true" classname="LibraryTest" time="0.163"/>
  <system-out><![CDATA[]]></system-out>
  <system-err><![CDATA[]]></system-err>
</testsuite>
